data\1/18class.jpg 0
data\2/38background.jpg 1
data\1/10class.jpg 0
data\2/16background.jpg 1
data\2/44background.jpg 1
data\2/46background.jpg 1
data\1/45class.jpg 0
data\1/50class.jpg 0
data\1/19class.jpg 0
data\2/39background.jpg 1
data\2/34background.jpg 1
data\2/27background.jpg 1
data\1/9class.jpg 0
data\2/33background.jpg 1
data\1/25class.jpg 0
data\2/3background.jpg 1
data\2/26background.jpg 1
data\2/37background.jpg 1
data\2/18background.jpg 1
data\1/8class.jpg 0
data\2/48background.jpg 1
data\2/14background.jpg 1
data\2/29background.jpg 1
data\1/46class.jpg 0
data\1/11class.jpg 0
data\1/33class.jpg 0
data\1/26class.jpg 0
data\1/38class.jpg 0
data\1/49class.jpg 0
data\2/12background.jpg 1
data\1/47class.jpg 0
data\2/43background.jpg 1
data\1/7class.jpg 0
data\2/11background.jpg 1
data\1/21class.jpg 0
data\2/28background.jpg 1
data\2/1background.jpg 1
data\1/34class.jpg 0
data\1/13class.jpg 0
data\1/40class.jpg 0
data\2/32background.jpg 1
data\2/21background.jpg 1
data\1/44class.jpg 0
data\2/35background.jpg 1
data\1/15class.jpg 0
data\1/5class.jpg 0
data\1/41class.jpg 0
data\1/3class.jpg 0
data\1/4class.jpg 0
data\2/41background.jpg 1
data\1/6class.jpg 0
data\2/24background.jpg 1
data\1/17class.jpg 0
data\1/14class.jpg 0
data\1/39class.jpg 0
data\1/23class.jpg 0
data\2/4background.jpg 1
data\1/30class.jpg 0
data\2/7background.jpg 1
data\2/5background.jpg 1
data\2/2background.jpg 1
data\2/40background.jpg 1
data\2/6background.jpg 1
data\1/1class.jpg 0
data\2/36background.jpg 1
data\2/17background.jpg 1
data\2/50background.jpg 1
data\1/20class.jpg 0
data\1/29class.jpg 0
data\2/20background.jpg 1
data\2/30background.jpg 1
data\1/48class.jpg 0
data\2/22background.jpg 1
data\2/45background.jpg 1
data\1/2class.jpg 0
data\2/31background.jpg 1
data\1/24class.jpg 0
data\1/43class.jpg 0
data\2/10background.jpg 1
data\1/32class.jpg 0
